Build started 7/30/2017 11:29:57 AM.
     1>Project "C:\Users\it17057684\Desktop\ooc\Ex2\Ex2\Ex2.vcxproj" on node 2 (build target(s)).
     1>PrepareForBuild:
         Creating directory "C:\Users\it17057684\Desktop\ooc\Ex2\Debug\".
       InitializeBuildStatus:
         Creating "Debug\Ex2.unsuccessfulbuild" because "AlwaysCreate" was specified.
       ClCompile:
         c:\Program Files (x86)\Microsoft Visual Studio 10.0\VC\bin\CL.exe /c /ZI /nologo /W3 /WX- /Od /Oy- /D WIN32 /D _DEBUG /D _CONSOLE /D _UNICODE /D UNICODE /Gm /EHsc /RTC1 /MDd /GS /fp:precise /Zc:wchar_t /Zc:forScope /Yc"StdAfx.h" /Fp"Debug\Ex2.pch" /Fo"Debug\\" /Fd"Debug\vc100.pdb" /Gd /TP /analyze- /errorReport:prompt stdafx.cpp
         stdafx.cpp
         c:\Program Files (x86)\Microsoft Visual Studio 10.0\VC\bin\CL.exe /c /ZI /nologo /W3 /WX- /Od /Oy- /D WIN32 /D _DEBUG /D _CONSOLE /D _UNICODE /D UNICODE /Gm /EHsc /RTC1 /MDd /GS /fp:precise /Zc:wchar_t /Zc:forScope /Yu"StdAfx.h" /Fp"Debug\Ex2.pch" /Fo"Debug\\" /Fd"Debug\vc100.pdb" /Gd /TP /analyze- /errorReport:prompt Ex2.cpp
         Ex2.cpp
       ManifestResourceCompile:
         c:\Program Files (x86)\Microsoft SDKs\Windows\v7.0A\bin\rc.exe /nologo /fo"Debug\Ex2.exe.embed.manifest.res" Debug\Ex2_manifest.rc 
       Link:
         c:\Program Files (x86)\Microsoft Visual Studio 10.0\VC\bin\link.exe /ERRORREPORT:PROMPT /OUT:"C:\Users\it17057684\Desktop\ooc\Ex2\Debug\Ex2.exe" /INCREMENTAL /NOLOGO kernel32.lib user32.lib gdi32.lib winspool.lib comdlg32.lib advapi32.lib shell32.lib ole32.lib oleaut32.lib uuid.lib odbc32.lib odbccp32.lib /MANIFEST /ManifestFile:"Debug\Ex2.exe.intermediate.manifest" /MANIFESTUAC:"level='asInvoker' uiAccess='false'" /DEBUG /PDB:"C:\Users\it17057684\Desktop\ooc\Ex2\Debug\Ex2.pdb" /SUBSYSTEM:CONSOLE /TLBID:1 /DYNAMICBASE /NXCOMPAT /IMPLIB:"C:\Users\it17057684\Desktop\ooc\Ex2\Debug\Ex2.lib" /MACHINE:X86 Debug\Ex2.exe.embed.manifest.res
         Debug\Ex2.obj
         Debug\stdafx.obj
       Manifest:
         c:\Program Files (x86)\Microsoft SDKs\Windows\v7.0A\bin\mt.exe /nologo /verbose /out:"Debug\Ex2.exe.embed.manifest" /manifest Debug\Ex2.exe.intermediate.manifest
         c:\Program Files (x86)\Microsoft SDKs\Windows\v7.0A\bin\rc.exe /nologo /fo"Debug\Ex2.exe.embed.manifest.res" Debug\Ex2_manifest.rc 
       LinkEmbedManifest:
         c:\Program Files (x86)\Microsoft Visual Studio 10.0\VC\bin\link.exe /ERRORREPORT:PROMPT /OUT:"C:\Users\it17057684\Desktop\ooc\Ex2\Debug\Ex2.exe" /INCREMENTAL /NOLOGO kernel32.lib user32.lib gdi32.lib winspool.lib comdlg32.lib advapi32.lib shell32.lib ole32.lib oleaut32.lib uuid.lib odbc32.lib odbccp32.lib /MANIFEST /ManifestFile:"Debug\Ex2.exe.intermediate.manifest" /MANIFESTUAC:"level='asInvoker' uiAccess='false'" /DEBUG /PDB:"C:\Users\it17057684\Desktop\ooc\Ex2\Debug\Ex2.pdb" /SUBSYSTEM:CONSOLE /TLBID:1 /DYNAMICBASE /NXCOMPAT /IMPLIB:"C:\Users\it17057684\Desktop\ooc\Ex2\Debug\Ex2.lib" /MACHINE:X86 Debug\Ex2.exe.embed.manifest.res
         Debug\Ex2.obj
         Debug\stdafx.obj
         Ex2.vcxproj -> C:\Users\it17057684\Desktop\ooc\Ex2\Debug\Ex2.exe
       FinalizeBuildStatus:
         Deleting file "Debug\Ex2.unsuccessfulbuild".
         Touching "Debug\Ex2.lastbuildstate".
     1>Done Building Project "C:\Users\it17057684\Desktop\ooc\Ex2\Ex2\Ex2.vcxproj" (build target(s)).

Build succeeded.

Time Elapsed 00:00:01.44
