Build started 7/30/2017 11:22:43 AM.
     1>Project "C:\Users\it17057684\Desktop\ooc\Ex1\Ex1\Ex1.vcxproj" on node 2 (build target(s)).
     1>InitializeBuildStatus:
         Creating "Debug\Ex1.unsuccessfulbuild" because "AlwaysCreate" was specified.
       ClCompile:
         All outputs are up-to-date.
         c:\Program Files (x86)\Microsoft Visual Studio 10.0\VC\bin\CL.exe /c /ZI /nologo /W3 /WX- /Od /Oy- /D WIN32 /D _DEBUG /D _CONSOLE /D _UNICODE /D UNICODE /Gm /EHsc /RTC1 /MDd /GS /fp:precise /Zc:wchar_t /Zc:forScope /Yu"StdAfx.h" /Fp"Debug\Ex1.pch" /Fo"Debug\\" /Fd"Debug\vc100.pdb" /Gd /TP /analyze- /errorReport:prompt Ex1.cpp
         Ex1.cpp
       ManifestResourceCompile:
         All outputs are up-to-date.
       Link:
         c:\Program Files (x86)\Microsoft Visual Studio 10.0\VC\bin\link.exe /ERRORREPORT:PROMPT /OUT:"C:\Users\it17057684\Desktop\ooc\Ex1\Debug\Ex1.exe" /INCREMENTAL /NOLOGO kernel32.lib user32.lib gdi32.lib winspool.lib comdlg32.lib advapi32.lib shell32.lib ole32.lib oleaut32.lib uuid.lib odbc32.lib odbccp32.lib /MANIFEST /ManifestFile:"Debug\Ex1.exe.intermediate.manifest" /MANIFESTUAC:"level='asInvoker' uiAccess='false'" /DEBUG /PDB:"C:\Users\it17057684\Desktop\ooc\Ex1\Debug\Ex1.pdb" /SUBSYSTEM:CONSOLE /TLBID:1 /DYNAMICBASE /NXCOMPAT /IMPLIB:"C:\Users\it17057684\Desktop\ooc\Ex1\Debug\Ex1.lib" /MACHINE:X86 Debug\Ex1.exe.embed.manifest.res
         Debug\Ex1.obj
         Debug\stdafx.obj
       Manifest:
         c:\Program Files (x86)\Microsoft SDKs\Windows\v7.0A\bin\mt.exe /nologo /verbose /out:"Debug\Ex1.exe.embed.manifest" /manifest Debug\Ex1.exe.intermediate.manifest
         All outputs are up-to-date.
       LinkEmbedManifest:
         All outputs are up-to-date.
         Ex1.vcxproj -> C:\Users\it17057684\Desktop\ooc\Ex1\Debug\Ex1.exe
       FinalizeBuildStatus:
         Deleting file "Debug\Ex1.unsuccessfulbuild".
         Touching "Debug\Ex1.lastbuildstate".
     1>Done Building Project "C:\Users\it17057684\Desktop\ooc\Ex1\Ex1\Ex1.vcxproj" (build target(s)).

Build succeeded.

Time Elapsed 00:00:00.78
